[INFO] Scanning for projects...
[INFO] 
[INFO] ---------------------------< runner:runner >----------------------------
[INFO] Building Runner Backend 1.0.0
[INFO]   from pom.xml
[INFO] --------------------------------[ jar ]---------------------------------
[INFO] 
[INFO] >>> spring-boot:3.3.2:run (default-cli) > test-compile @ runner >>>
[INFO] 
[INFO] --- resources:3.3.1:resources (default-resources) @ runner ---
[INFO] Copying 1 resource from src/main/resources to target/classes
[INFO] Copying 0 resource from src/main/resources to target/classes
[INFO] 
[INFO] --- compiler:3.13.0:compile (default-compile) @ runner ---
[INFO] Nothing to compile - all classes are up to date.
[INFO] 
[INFO] --- resources:3.3.1:testResources (default-testResources) @ runner ---
[INFO] skip non existing resourceDirectory /Users/tsolmonmyagmarjav/Desktop/run/earn/src/test/resources
[INFO] 
[INFO] --- compiler:3.13.0:testCompile (default-testCompile) @ runner ---
[INFO] Nothing to compile - all classes are up to date.
[INFO] 
[INFO] <<< spring-boot:3.3.2:run (default-cli) < test-compile @ runner <<<
[INFO] 
[INFO] 
[INFO] --- spring-boot:3.3.2:run (default-cli) @ runner ---
[INFO] Attaching agents: []
Standard Commons Logging discovery in action with spring-jcl: please remove commons-logging.jar from classpath in order to avoid potential conflicts

  .   ____          _            __ _ _
 /\\ / ___'_ __ _ _(_)_ __  __ _ \ \ \ \
( ( )\___ | '_ | '_| | '_ \/ _` | \ \ \ \
 \\/  ___)| |_)| | | | | || (_| |  ) ) ) )
  '  |____| .__|_| |_|_| |_\__, | / / / /
 =========|_|==============|___/=/_/_/_/

 :: Spring Boot ::                (v3.3.2)

2026-02-13T10:37:58.921+01:00  INFO 62432 --- [           main] runner.Application                       : Starting Application using Java 25.0.1 with PID 62432 (/Users/tsolmonmyagmarjav/Desktop/run/earn/target/classes started by tsolmonmyagmarjav in /Users/tsolmonmyagmarjav/Desktop/run/earn)
2026-02-13T10:37:58.923+01:00  INFO 62432 --- [           main] runner.Application                       : No active profile set, falling back to 1 default profile: "default"
2026-02-13T10:37:59.274+01:00  INFO 62432 --- [           main] .s.d.r.c.RepositoryConfigurationDelegate : Bootstrapping Spring Data JPA repositories in DEFAULT mode.
2026-02-13T10:37:59.313+01:00  INFO 62432 --- [           main] .s.d.r.c.RepositoryConfigurationDelegate : Finished Spring Data repository scanning in 32 ms. Found 6 JPA repository interfaces.
WARNING: A restricted method in java.lang.System has been called
WARNING: java.lang.System::load has been called by org.apache.tomcat.jni.Library in an unnamed module (file:/Users/tsolmonmyagmarjav/.m2/repository/org/apache/tomcat/embed/tomcat-embed-core/10.1.26/tomcat-embed-core-10.1.26.jar)
WARNING: Use --enable-native-access=ALL-UNNAMED to avoid a warning for callers in this module
WARNING: Restricted methods will be blocked in a future release unless native access is enabled

2026-02-13T10:37:59.516+01:00  INFO 62432 --- [           main] o.s.b.w.embedded.tomcat.TomcatWebServer  : Tomcat initialized with port 8080 (http)
2026-02-13T10:37:59.521+01:00  INFO 62432 --- [           main] o.apache.catalina.core.StandardService   : Starting service [Tomcat]
2026-02-13T10:37:59.521+01:00  INFO 62432 --- [           main] o.apache.catalina.core.StandardEngine    : Starting Servlet engine: [Apache Tomcat/10.1.26]
2026-02-13T10:37:59.545+01:00  INFO 62432 --- [           main] o.a.c.c.C.[Tomcat].[localhost].[/]       : Initializing Spring embedded WebApplicationContext
2026-02-13T10:37:59.545+01:00  INFO 62432 --- [           main] w.s.c.ServletWebServerApplicationContext : Root WebApplicationContext: initialization completed in 596 ms
Standard Commons Logging discovery in action with spring-jcl: please remove commons-logging.jar from classpath in order to avoid potential conflicts
2026-02-13T10:37:59.603+01:00  INFO 62432 --- [           main] o.hibernate.jpa.internal.util.LogHelper  : HHH000204: Processing PersistenceUnitInfo [name: default]
2026-02-13T10:37:59.630+01:00  INFO 62432 --- [           main] org.hibernate.Version                    : HHH000412: Hibernate ORM core version 6.5.2.Final
2026-02-13T10:37:59.645+01:00  INFO 62432 --- [           main] o.h.c.internal.RegionFactoryInitiator    : HHH000026: Second-level cache disabled
2026-02-13T10:37:59.798+01:00  INFO 62432 --- [           main] o.s.o.j.p.SpringPersistenceUnitInfo      : No LoadTimeWeaver setup: ignoring JPA class transformer
2026-02-13T10:37:59.807+01:00  INFO 62432 --- [           main] com.zaxxer.hikari.HikariDataSource       : HikariPool-1 - Starting...
2026-02-13T10:37:59.870+01:00  INFO 62432 --- [           main] com.zaxxer.hikari.pool.HikariPool        : HikariPool-1 - Added connection org.postgresql.jdbc.PgConnection@99c4993
2026-02-13T10:37:59.871+01:00  INFO 62432 --- [           main] com.zaxxer.hikari.HikariDataSource       : HikariPool-1 - Start completed.
2026-02-13T10:37:59.906+01:00  WARN 62432 --- [           main] org.hibernate.orm.deprecation            : HHH90000025: PostgreSQLDialect does not need to be specified explicitly using 'hibernate.dialect' (remove the property setting and it will be selected by default)
2026-02-13T10:38:00.314+01:00  INFO 62432 --- [           main] o.h.e.t.j.p.i.JtaPlatformInitiator       : HHH000489: No JTA platform available (set 'hibernate.transaction.jta.platform' to enable JTA platform integration)
2026-02-13T10:38:00.349+01:00  INFO 62432 --- [           main] j.LocalContainerEntityManagerFactoryBean : Initialized JPA EntityManagerFactory for persistence unit 'default'
2026-02-13T10:38:00.509+01:00  INFO 62432 --- [           main] o.s.d.j.r.query.QueryEnhancerFactory     : Hibernate is in classpath; If applicable, HQL parser will be used.
2026-02-13T10:38:00.701+01:00  WARN 62432 --- [           main] JpaBaseConfiguration$JpaWebConfiguration : spring.jpa.open-in-view is enabled by default. Therefore, database queries may be performed during view rendering. Explicitly configure spring.jpa.open-in-view to disable this warning
2026-02-13T10:38:00.884+01:00  INFO 62432 --- [           main] o.s.b.w.embedded.tomcat.TomcatWebServer  : Tomcat started on port 8080 (http) with context path '/'
2026-02-13T10:38:00.887+01:00  INFO 62432 --- [           main] runner.Application                       : Started Application in 2.119 seconds (process running for 2.268)
2026-02-13T10:38:07.708+01:00  INFO 62432 --- [ionShutdownHook] j.LocalContainerEntityManagerFactoryBean : Closing JPA EntityManagerFactory for persistence unit 'default'
2026-02-13T10:38:07.719+01:00  INFO 62432 --- [ionShutdownHook] com.zaxxer.hikari.HikariDataSource       : HikariPool-1 - Shutdown initiated...
2026-02-13T10:38:07.721+01:00  INFO 62432 --- [ionShutdownHook] com.zaxxer.hikari.HikariDataSource       : HikariPool-1 - Shutdown completed.
[INFO] ------------------------------------------------------------------------
[INFO] BUILD SUCCESS
[INFO] ------------------------------------------------------------------------
[INFO] Total time:  10.205 s
[INFO] Finished at: 2026-02-13T10:38:07+01:00
[INFO] ------------------------------------------------------------------------
