[INFO] Scanning for projects...
[INFO] 
[INFO] ---------------------------< runner:runner >----------------------------
[INFO] Building Runner Backend 1.0.0
[INFO]   from pom.xml
[INFO] --------------------------------[ jar ]---------------------------------
[INFO] 
[INFO] >>> spring-boot:3.3.2:run (default-cli) > test-compile @ runner >>>
[INFO] 
[INFO] --- resources:3.3.1:resources (default-resources) @ runner ---
[INFO] Copying 1 resource from src/main/resources to target/classes
[INFO] Copying 0 resource from src/main/resources to target/classes
[INFO] 
[INFO] --- compiler:3.13.0:compile (default-compile) @ runner ---
[INFO] Nothing to compile - all classes are up to date.
[INFO] 
[INFO] --- resources:3.3.1:testResources (default-testResources) @ runner ---
[INFO] skip non existing resourceDirectory /Users/tsolmonmyagmarjav/Desktop/run/earn/src/test/resources
[INFO] 
[INFO] --- compiler:3.13.0:testCompile (default-testCompile) @ runner ---
[INFO] Nothing to compile - all classes are up to date.
[INFO] 
[INFO] <<< spring-boot:3.3.2:run (default-cli) < test-compile @ runner <<<
[INFO] 
[INFO] 
[INFO] --- spring-boot:3.3.2:run (default-cli) @ runner ---
[INFO] Attaching agents: []
Standard Commons Logging discovery in action with spring-jcl: please remove commons-logging.jar from classpath in order to avoid potential conflicts

  .   ____          _            __ _ _
 /\\ / ___'_ __ _ _(_)_ __  __ _ \ \ \ \
( ( )\___ | '_ | '_| | '_ \/ _` | \ \ \ \
 \\/  ___)| |_)| | | | | || (_| |  ) ) ) )
  '  |____| .__|_| |_|_| |_\__, | / / / /
 =========|_|==============|___/=/_/_/_/

 :: Spring Boot ::                (v3.3.2)

2026-02-13T10:47:15.776+01:00  INFO 63952 --- [           main] runner.Application                       : Starting Application using Java 25.0.1 with PID 63952 (/Users/tsolmonmyagmarjav/Desktop/run/earn/target/classes started by tsolmonmyagmarjav in /Users/tsolmonmyagmarjav/Desktop/run/earn)
2026-02-13T10:47:15.778+01:00  INFO 63952 --- [           main] runner.Application                       : No active profile set, falling back to 1 default profile: "default"
2026-02-13T10:47:16.069+01:00  INFO 63952 --- [           main] .s.d.r.c.RepositoryConfigurationDelegate : Bootstrapping Spring Data JPA repositories in DEFAULT mode.
2026-02-13T10:47:16.250+01:00  INFO 63952 --- [           main] .s.d.r.c.RepositoryConfigurationDelegate : Finished Spring Data repository scanning in 167 ms. Found 6 JPA repository interfaces.
WARNING: A restricted method in java.lang.System has been called
WARNING: java.lang.System::load has been called by org.apache.tomcat.jni.Library in an unnamed module (file:/Users/tsolmonmyagmarjav/.m2/repository/org/apache/tomcat/embed/tomcat-embed-core/10.1.26/tomcat-embed-core-10.1.26.jar)
WARNING: Use --enable-native-access=ALL-UNNAMED to avoid a warning for callers in this module
WARNING: Restricted methods will be blocked in a future release unless native access is enabled

2026-02-13T10:47:16.510+01:00  INFO 63952 --- [           main] o.s.b.w.embedded.tomcat.TomcatWebServer  : Tomcat initialized with port 8080 (http)
2026-02-13T10:47:16.518+01:00  INFO 63952 --- [           main] o.apache.catalina.core.StandardService   : Starting service [Tomcat]
2026-02-13T10:47:16.518+01:00  INFO 63952 --- [           main] o.apache.catalina.core.StandardEngine    : Starting Servlet engine: [Apache Tomcat/10.1.26]
2026-02-13T10:47:16.544+01:00  INFO 63952 --- [           main] o.a.c.c.C.[Tomcat].[localhost].[/]       : Initializing Spring embedded WebApplicationContext
2026-02-13T10:47:16.545+01:00  INFO 63952 --- [           main] w.s.c.ServletWebServerApplicationContext : Root WebApplicationContext: initialization completed in 751 ms
Standard Commons Logging discovery in action with spring-jcl: please remove commons-logging.jar from classpath in order to avoid potential conflicts
2026-02-13T10:47:16.609+01:00  INFO 63952 --- [           main] o.hibernate.jpa.internal.util.LogHelper  : HHH000204: Processing PersistenceUnitInfo [name: default]
2026-02-13T10:47:16.640+01:00  INFO 63952 --- [           main] org.hibernate.Version                    : HHH000412: Hibernate ORM core version 6.5.2.Final
2026-02-13T10:47:16.660+01:00  INFO 63952 --- [           main] o.h.c.internal.RegionFactoryInitiator    : HHH000026: Second-level cache disabled
2026-02-13T10:47:16.786+01:00  INFO 63952 --- [           main] o.s.o.j.p.SpringPersistenceUnitInfo      : No LoadTimeWeaver setup: ignoring JPA class transformer
2026-02-13T10:47:16.796+01:00  INFO 63952 --- [           main] com.zaxxer.hikari.HikariDataSource       : HikariPool-1 - Starting...
2026-02-13T10:47:17.549+01:00  INFO 63952 --- [           main] com.zaxxer.hikari.pool.HikariPool        : HikariPool-1 - Added connection org.postgresql.jdbc.PgConnection@566fe83c
2026-02-13T10:47:17.550+01:00  INFO 63952 --- [           main] com.zaxxer.hikari.HikariDataSource       : HikariPool-1 - Start completed.
2026-02-13T10:47:17.996+01:00  WARN 63952 --- [           main] org.hibernate.orm.deprecation            : HHH90000025: PostgreSQLDialect does not need to be specified explicitly using 'hibernate.dialect' (remove the property setting and it will be selected by default)
2026-02-13T10:47:19.506+01:00  INFO 63952 --- [           main] o.h.e.t.j.p.i.JtaPlatformInitiator       : HHH000489: No JTA platform available (set 'hibernate.transaction.jta.platform' to enable JTA platform integration)
2026-02-13T10:47:19.915+01:00  INFO 63952 --- [           main] j.LocalContainerEntityManagerFactoryBean : Initialized JPA EntityManagerFactory for persistence unit 'default'
2026-02-13T10:47:20.272+01:00  INFO 63952 --- [           main] o.s.d.j.r.query.QueryEnhancerFactory     : Hibernate is in classpath; If applicable, HQL parser will be used.
2026-02-13T10:47:20.530+01:00  WARN 63952 --- [           main] JpaBaseConfiguration$JpaWebConfiguration : spring.jpa.open-in-view is enabled by default. Therefore, database queries may be performed during view rendering. Explicitly configure spring.jpa.open-in-view to disable this warning
2026-02-13T10:47:20.938+01:00  INFO 63952 --- [           main] o.s.b.w.embedded.tomcat.TomcatWebServer  : Tomcat started on port 8080 (http) with context path '/'
2026-02-13T10:47:20.943+01:00  INFO 63952 --- [           main] runner.Application                       : Started Application in 5.289 seconds (process running for 5.419)
2026-02-13T11:02:51.539+01:00  INFO 63952 --- [nio-8080-exec-1] o.a.c.c.C.[Tomcat].[localhost].[/]       : Initializing Spring DispatcherServlet 'dispatcherServlet'
2026-02-13T11:02:51.578+01:00  INFO 63952 --- [nio-8080-exec-1] o.s.web.servlet.DispatcherServlet        : Initializing Servlet 'dispatcherServlet'
2026-02-13T11:02:51.624+01:00  INFO 63952 --- [nio-8080-exec-1] o.s.web.servlet.DispatcherServlet        : Completed initialization in 45 ms
